{"C:\\Users\\saura\\Documents\\Hello-React\\src\\components\\Header.js": {"path":"C:\\Users\\saura\\Documents\\Hello-React\\src\\components\\Header.js","statementMap":{"0":{"start":{"line":7,"column":14},"end":{"line":16,"column":1}},"1":{"start":{"line":8,"column":2},"end":{"line":15,"column":9}},"2":{"start":{"line":18,"column":15},"end":{"line":59,"column":1}},"3":{"start":{"line":20,"column":38},"end":{"line":20,"column":53}},"4":{"start":{"line":22,"column":20},"end":{"line":22,"column":60}},"5":{"start":{"line":22,"column":43},"end":{"line":22,"column":59}},"6":{"start":{"line":25,"column":2},"end":{"line":58,"column":4}},"7":{"start":{"line":53,"column":31},"end":{"line":53,"column":51}},"8":{"start":{"line":55,"column":31},"end":{"line":55,"column":50}}},"fnMap":{"0":{"name":"(anonymous_0)","decl":{"start":{"line":7,"column":14},"end":{"line":7,"column":15}},"loc":{"start":{"line":8,"column":2},"end":{"line":15,"column":9}},"line":8},"1":{"name":"(anonymous_1)","decl":{"start":{"line":18,"column":15},"end":{"line":18,"column":16}},"loc":{"start":{"line":18,"column":21},"end":{"line":59,"column":1}},"line":18},"2":{"name":"(anonymous_2)","decl":{"start":{"line":22,"column":32},"end":{"line":22,"column":33}},"loc":{"start":{"line":22,"column":43},"end":{"line":22,"column":59}},"line":22},"3":{"name":"(anonymous_3)","decl":{"start":{"line":53,"column":25},"end":{"line":53,"column":26}},"loc":{"start":{"line":53,"column":31},"end":{"line":53,"column":51}},"line":53},"4":{"name":"(anonymous_4)","decl":{"start":{"line":55,"column":25},"end":{"line":55,"column":26}},"loc":{"start":{"line":55,"column":31},"end":{"line":55,"column":50}},"line":55}},"branchMap":{"0":{"loc":{"start":{"line":52,"column":7},"end":{"line":56,"column":7}},"type":"cond-expr","locations":[{"start":{"line":53,"column":8},"end":{"line":53,"column":68}},{"start":{"line":55,"column":8},"end":{"line":55,"column":66}}],"line":52}},"s":{"0":1,"1":2,"2":1,"3":3,"4":2,"5":4,"6":2,"7":0,"8":0},"f":{"0":2,"1":3,"2":4,"3":0,"4":0},"b":{"0":[0,2]},"_coverageSchema":"1a1c01bbd47fc00a2c39e90264f33305004495a9","hash":"0466b70329d6fbc3db911bd93da7790747a362b5"}
,"C:\\Users\\saura\\Documents\\Hello-React\\src\\components\\config.js": {"path":"C:\\Users\\saura\\Documents\\Hello-React\\src\\components\\config.js","statementMap":{"0":{"start":{"line":2,"column":2},"end":{"line":2,"column":85}},"1":{"start":{"line":6,"column":2},"end":{"line":6,"column":136}},"2":{"start":{"line":9,"column":2},"end":{"line":9,"column":95}},"3":{"start":{"line":12,"column":2},"end":{"line":12,"column":121}},"4":{"start":{"line":14,"column":35},"end":{"line":14,"column":77}},"5":{"start":{"line":15,"column":30},"end":{"line":1146,"column":1}},"6":{"start":{"line":1149,"column":2},"end":{"line":1149,"column":62}}},"fnMap":{},"branchMap":{},"s":{"0":1,"1":1,"2":1,"3":1,"4":1,"5":1,"6":1},"f":{},"b":{},"_coverageSchema":"1a1c01bbd47fc00a2c39e90264f33305004495a9","hash":"726fd8dfe76866dca00919aa2eec4f3ec700ee4b"}
,"C:\\Users\\saura\\Documents\\Hello-React\\src\\components\\sum.js": {"path":"C:\\Users\\saura\\Documents\\Hello-React\\src\\components\\sum.js","statementMap":{"0":{"start":{"line":1,"column":19},"end":{"line":1,"column":34}},"1":{"start":{"line":1,"column":29},"end":{"line":1,"column":34}}},"fnMap":{"0":{"name":"(anonymous_0)","decl":{"start":{"line":1,"column":19},"end":{"line":1,"column":20}},"loc":{"start":{"line":1,"column":29},"end":{"line":1,"column":34}},"line":1}},"branchMap":{},"s":{"0":1,"1":1},"f":{"0":1},"b":{},"_coverageSchema":"1a1c01bbd47fc00a2c39e90264f33305004495a9","hash":"4cf59a4b452a1b1572102388f69fb2ebdb2a1bd7"}
,"C:\\Users\\saura\\Documents\\Hello-React\\src\\utils\\cartSlice.js": {"path":"C:\\Users\\saura\\Documents\\Hello-React\\src\\utils\\cartSlice.js","statementMap":{"0":{"start":{"line":3,"column":18},"end":{"line":19,"column":2}},"1":{"start":{"line":10,"column":6},"end":{"line":10,"column":39}},"2":{"start":{"line":13,"column":6},"end":{"line":13,"column":44}},"3":{"start":{"line":16,"column":6},"end":{"line":16,"column":23}},"4":{"start":{"line":21,"column":50},"end":{"line":21,"column":67}}},"fnMap":{"0":{"name":"(anonymous_0)","decl":{"start":{"line":9,"column":13},"end":{"line":9,"column":14}},"loc":{"start":{"line":9,"column":32},"end":{"line":11,"column":5}},"line":9},"1":{"name":"(anonymous_1)","decl":{"start":{"line":12,"column":16},"end":{"line":12,"column":17}},"loc":{"start":{"line":12,"column":35},"end":{"line":14,"column":5}},"line":12},"2":{"name":"(anonymous_2)","decl":{"start":{"line":15,"column":15},"end":{"line":15,"column":16}},"loc":{"start":{"line":15,"column":26},"end":{"line":17,"column":5}},"line":15}},"branchMap":{},"s":{"0":1,"1":0,"2":0,"3":0,"4":1},"f":{"0":0,"1":0,"2":0},"b":{},"_coverageSchema":"1a1c01bbd47fc00a2c39e90264f33305004495a9","hash":"87c9f50c85af14b4471f2fd3843565c830b875cf"}
,"C:\\Users\\saura\\Documents\\Hello-React\\src\\utils\\store.js": {"path":"C:\\Users\\saura\\Documents\\Hello-React\\src\\utils\\store.js","statementMap":{"0":{"start":{"line":4,"column":14},"end":{"line":8,"column":2}}},"fnMap":{},"branchMap":{},"s":{"0":1},"f":{},"b":{},"_coverageSchema":"1a1c01bbd47fc00a2c39e90264f33305004495a9","hash":"aa2d58e27b86e6bef1c3b989c103bb822540a411"}
}
